<?xml version="1.0" encoding="UTF-8"?>
<testng-results ignored="0" total="8" passed="8" failed="0" skipped="0">
  <reporter-output>
  </reporter-output>
  <suite started-at="2023-07-15T10:48:26Z" name="TestNG Framework" finished-at="2023-07-15T10:48:39Z" duration-ms="13249">
    <groups>
    </groups>
    <test started-at="2023-07-15T10:48:26Z" name="Bank Manager Login Test" finished-at="2023-07-15T10:48:27Z" duration-ms="686">
      <class name="testcases.BankManagerLoginTest">
        <test-method signature="loginAsBankManager()[pri:0, instance:testcases.BankManagerLoginTest@3ae66c85]" started-at="2023-07-15T10:48:26Z" name="loginAsBankManager" finished-at="2023-07-15T10:48:27Z" duration-ms="643" status="PASS">
          <reporter-output>
          </reporter-output>
        </test-method> <!-- loginAsBankManager -->
      </class> <!-- testcases.BankManagerLoginTest -->
    </test> <!-- Bank Manager Login Test -->
    <test started-at="2023-07-15T10:48:27Z" name="Add Customer Test" finished-at="2023-07-15T10:48:38Z" duration-ms="10157">
      <class name="testcases.AddCustomerTest">
        <test-method signature="addCustomer(java.lang.String, java.lang.String, java.lang.String)[pri:0, instance:testcases.AddCustomerTest@78b236a0]" started-at="2023-07-15T10:48:27Z" name="addCustomer" data-provider="data" finished-at="2023-07-15T10:48:30Z" duration-ms="2804" status="PASS">
          <params>
            <param index="0">
              <value>
                <![CDATA[Ola]]>
              </value>
            </param>
            <param index="1">
              <value>
                <![CDATA[Olawoyin]]>
              </value>
            </param>
            <param index="2">
              <value>
                <![CDATA[A234565]]>
              </value>
            </param>
          </params>
          <reporter-output>
          </reporter-output>
        </test-method> <!-- addCustomer -->
        <test-method signature="addCustomer(java.lang.String, java.lang.String, java.lang.String)[pri:0, instance:testcases.AddCustomerTest@78b236a0]" started-at="2023-07-15T10:48:30Z" name="addCustomer" data-provider="data" finished-at="2023-07-15T10:48:33Z" duration-ms="2487" status="PASS">
          <params>
            <param index="0">
              <value>
                <![CDATA[Ade]]>
              </value>
            </param>
            <param index="1">
              <value>
                <![CDATA[Olawoyin]]>
              </value>
            </param>
            <param index="2">
              <value>
                <![CDATA[B234567]]>
              </value>
            </param>
          </params>
          <reporter-output>
          </reporter-output>
        </test-method> <!-- addCustomer -->
        <test-method signature="addCustomer(java.lang.String, java.lang.String, java.lang.String)[pri:0, instance:testcases.AddCustomerTest@78b236a0]" started-at="2023-07-15T10:48:33Z" name="addCustomer" data-provider="data" finished-at="2023-07-15T10:48:35Z" duration-ms="2405" status="PASS">
          <params>
            <param index="0">
              <value>
                <![CDATA[Kit]]>
              </value>
            </param>
            <param index="1">
              <value>
                <![CDATA[Olawoyin]]>
              </value>
            </param>
            <param index="2">
              <value>
                <![CDATA[C345678]]>
              </value>
            </param>
          </params>
          <reporter-output>
          </reporter-output>
        </test-method> <!-- addCustomer -->
        <test-method signature="addCustomer(java.lang.String, java.lang.String, java.lang.String)[pri:0, instance:testcases.AddCustomerTest@78b236a0]" started-at="2023-07-15T10:48:35Z" name="addCustomer" data-provider="data" finished-at="2023-07-15T10:48:38Z" duration-ms="2430" status="PASS">
          <params>
            <param index="0">
              <value>
                <![CDATA[Lol]]>
              </value>
            </param>
            <param index="1">
              <value>
                <![CDATA[Olawoyin]]>
              </value>
            </param>
            <param index="2">
              <value>
                <![CDATA[D456789]]>
              </value>
            </param>
          </params>
          <reporter-output>
          </reporter-output>
        </test-method> <!-- addCustomer -->
      </class> <!-- testcases.AddCustomerTest -->
    </test> <!-- Add Customer Test -->
    <test started-at="2023-07-15T10:48:38Z" name="Open Account Test" finished-at="2023-07-15T10:48:39Z" duration-ms="1867">
      <class name="testcases.OpenAccountTest">
        <test-method is-config="true" signature="setUp()[pri:0, instance:testcases.OpenAccountTest@4b61d0c6]" started-at="2023-07-15T10:48:21Z" name="setUp" finished-at="2023-07-15T10:48:26Z" duration-ms="5186" status="PASS">
          <reporter-output>
          </reporter-output>
        </test-method> <!-- setUp -->
        <test-method signature="openAccount(java.lang.String, java.lang.String)[pri:0, instance:testcases.OpenAccountTest@4b61d0c6]" started-at="2023-07-15T10:48:38Z" name="openAccount" data-provider="data" finished-at="2023-07-15T10:48:39Z" duration-ms="1163" status="PASS">
          <params>
            <param index="0">
              <value>
                <![CDATA[Ola Olawoyin]]>
              </value>
            </param>
            <param index="1">
              <value>
                <![CDATA[Pound]]>
              </value>
            </param>
          </params>
          <reporter-output>
          </reporter-output>
        </test-method> <!-- openAccount -->
        <test-method signature="openAccount(java.lang.String, java.lang.String)[pri:0, instance:testcases.OpenAccountTest@4b61d0c6]" started-at="2023-07-15T10:48:39Z" name="openAccount" data-provider="data" finished-at="2023-07-15T10:48:39Z" duration-ms="366" status="PASS">
          <params>
            <param index="0">
              <value>
                <![CDATA[Ade Olawoyin]]>
              </value>
            </param>
            <param index="1">
              <value>
                <![CDATA[Dollar]]>
              </value>
            </param>
          </params>
          <reporter-output>
          </reporter-output>
        </test-method> <!-- openAccount -->
        <test-method signature="openAccount(java.lang.String, java.lang.String)[pri:0, instance:testcases.OpenAccountTest@4b61d0c6]" started-at="2023-07-15T10:48:39Z" name="openAccount" data-provider="data" finished-at="2023-07-15T10:48:39Z" duration-ms="335" status="PASS">
          <params>
            <param index="0">
              <value>
                <![CDATA[Kit Olawoyin]]>
              </value>
            </param>
            <param index="1">
              <value>
                <![CDATA[Rupee]]>
              </value>
            </param>
          </params>
          <reporter-output>
          </reporter-output>
        </test-method> <!-- openAccount -->
        <test-method is-config="true" signature="tearDown()[pri:0, instance:testcases.OpenAccountTest@4b61d0c6]" started-at="2023-07-15T10:48:40Z" name="tearDown" finished-at="2023-07-15T10:48:40Z" duration-ms="238" status="PASS">
          <reporter-output>
          </reporter-output>
        </test-method> <!-- tearDown -->
      </class> <!-- testcases.OpenAccountTest -->
    </test> <!-- Open Account Test -->
  </suite> <!-- TestNG Framework -->
</testng-results>
