<?xml version="1.0" encoding="UTF-8"?>
<!-- Generated by org.testng.reporters.JUnitXMLReporter -->
<testsuite ignored="0" hostname="Bosun" failures="0" tests="4" name="Add Customer Test" time="9.912" errors="0" timestamp="15 Jul 2023 10:21:30 GMT">
  <testcase classname="testcases.AddCustomerTest" name="addCustomer" time="2.722"/>
  <testcase classname="testcases.AddCustomerTest" name="addCustomer" time="2.357"/>
  <testcase classname="testcases.AddCustomerTest" name="addCustomer" time="2.404"/>
  <testcase classname="testcases.AddCustomerTest" name="addCustomer" time="2.394"/>
</testsuite> <!-- Add Customer Test -->
