<?xml version="1.0" encoding="UTF-8"?>
<!-- Generated by org.testng.reporters.JUnitXMLReporter -->
<testsuite ignored="0" hostname="Bosun" failures="0" tests="4" name="Add Customer Test" time="10.492" errors="0" timestamp="14 Jul 2023 11:20:57 GMT">
  <testcase classname="testcases.AddCustomerTest" name="addCustomer" time="3.113"/>
  <testcase classname="testcases.AddCustomerTest" name="addCustomer" time="2.484"/>
  <testcase classname="testcases.AddCustomerTest" name="addCustomer" time="2.441"/>
  <testcase classname="testcases.AddCustomerTest" name="addCustomer" time="2.405"/>
</testsuite> <!-- Add Customer Test -->
