<?xml version="1.0" encoding="UTF-8"?>
<!-- Generated by org.testng.reporters.JUnitXMLReporter -->
<testsuite ignored="0" hostname="Bosun" failures="0" tests="3" name="New User Registration Test" time="0.014" errors="0" timestamp="10 Jul 2023 17:23:18 GMT">
  <testcase classname="testcases.UserRegTest" name="doUserRegTest" time="0.001"/>
  <testcase classname="testcases.UserRegTest" name="doUserRegTest" time="0.001"/>
  <testcase classname="testcases.UserRegTest" name="doUserRegTest" time="0.002"/>
</testsuite> <!-- New User Registration Test -->
