<?xml version="1.0" encoding="UTF-8"?>
<testng-results ignored="0" total="6" passed="6" failed="0" skipped="0">
  <reporter-output>
  </reporter-output>
  <suite started-at="2023-07-15T10:21:19Z" name="TestNG Framework" finished-at="2023-07-15T10:21:31Z" duration-ms="12150">
    <groups>
    </groups>
    <test started-at="2023-07-15T10:21:19Z" name="Bank Manager Login Test" finished-at="2023-07-15T10:21:20Z" duration-ms="623">
      <class name="testcases.BankManagerLoginTest">
        <test-method signature="loginAsBankManager()[pri:0, instance:testcases.BankManagerLoginTest@61e45f87]" started-at="2023-07-15T10:21:19Z" name="loginAsBankManager" finished-at="2023-07-15T10:21:20Z" duration-ms="597" status="PASS">
          <reporter-output>
          </reporter-output>
        </test-method> <!-- loginAsBankManager -->
      </class> <!-- testcases.BankManagerLoginTest -->
    </test> <!-- Bank Manager Login Test -->
    <test started-at="2023-07-15T10:21:20Z" name="Add Customer Test" finished-at="2023-07-15T10:21:30Z" duration-ms="9912">
      <class name="testcases.AddCustomerTest">
        <test-method signature="addCustomer(java.lang.String, java.lang.String, java.lang.String)[pri:0, instance:testcases.AddCustomerTest@726a6b94]" started-at="2023-07-15T10:21:20Z" name="addCustomer" data-provider="data" finished-at="2023-07-15T10:21:23Z" duration-ms="2722" status="PASS">
          <params>
            <param index="0">
              <value>
                <![CDATA[Ola]]>
              </value>
            </param>
            <param index="1">
              <value>
                <![CDATA[Olawoyin]]>
              </value>
            </param>
            <param index="2">
              <value>
                <![CDATA[A234565]]>
              </value>
            </param>
          </params>
          <reporter-output>
          </reporter-output>
        </test-method> <!-- addCustomer -->
        <test-method signature="addCustomer(java.lang.String, java.lang.String, java.lang.String)[pri:0, instance:testcases.AddCustomerTest@726a6b94]" started-at="2023-07-15T10:21:23Z" name="addCustomer" data-provider="data" finished-at="2023-07-15T10:21:25Z" duration-ms="2357" status="PASS">
          <params>
            <param index="0">
              <value>
                <![CDATA[Ade]]>
              </value>
            </param>
            <param index="1">
              <value>
                <![CDATA[Olawoyin]]>
              </value>
            </param>
            <param index="2">
              <value>
                <![CDATA[B234567]]>
              </value>
            </param>
          </params>
          <reporter-output>
          </reporter-output>
        </test-method> <!-- addCustomer -->
        <test-method signature="addCustomer(java.lang.String, java.lang.String, java.lang.String)[pri:0, instance:testcases.AddCustomerTest@726a6b94]" started-at="2023-07-15T10:21:25Z" name="addCustomer" data-provider="data" finished-at="2023-07-15T10:21:28Z" duration-ms="2404" status="PASS">
          <params>
            <param index="0">
              <value>
                <![CDATA[Kit]]>
              </value>
            </param>
            <param index="1">
              <value>
                <![CDATA[Olawoyin]]>
              </value>
            </param>
            <param index="2">
              <value>
                <![CDATA[C345678]]>
              </value>
            </param>
          </params>
          <reporter-output>
          </reporter-output>
        </test-method> <!-- addCustomer -->
        <test-method signature="addCustomer(java.lang.String, java.lang.String, java.lang.String)[pri:0, instance:testcases.AddCustomerTest@726a6b94]" started-at="2023-07-15T10:21:28Z" name="addCustomer" data-provider="data" finished-at="2023-07-15T10:21:30Z" duration-ms="2394" status="PASS">
          <params>
            <param index="0">
              <value>
                <![CDATA[Lol]]>
              </value>
            </param>
            <param index="1">
              <value>
                <![CDATA[Olawoyin]]>
              </value>
            </param>
            <param index="2">
              <value>
                <![CDATA[D456789]]>
              </value>
            </param>
          </params>
          <reporter-output>
          </reporter-output>
        </test-method> <!-- addCustomer -->
      </class> <!-- testcases.AddCustomerTest -->
    </test> <!-- Add Customer Test -->
    <test started-at="2023-07-15T10:21:30Z" name="Open Account Test" finished-at="2023-07-15T10:21:31Z" duration-ms="1097">
      <class name="testcases.OpenAccountTest">
        <test-method is-config="true" signature="setUp()[pri:0, instance:testcases.OpenAccountTest@c9d82f9]" started-at="2023-07-15T10:21:15Z" name="setUp" finished-at="2023-07-15T10:21:19Z" duration-ms="4475" status="PASS">
          <reporter-output>
          </reporter-output>
        </test-method> <!-- setUp -->
        <test-method signature="openAccount(java.lang.String, java.lang.String)[pri:0, instance:testcases.OpenAccountTest@c9d82f9]" started-at="2023-07-15T10:21:30Z" name="openAccount" data-provider="data" finished-at="2023-07-15T10:21:31Z" duration-ms="1094" status="PASS">
          <params>
            <param index="0">
              <value>
                <![CDATA[Ola Olawoyin]]>
              </value>
            </param>
            <param index="1">
              <value>
                <![CDATA[Pound]]>
              </value>
            </param>
          </params>
          <reporter-output>
          </reporter-output>
        </test-method> <!-- openAccount -->
        <test-method is-config="true" signature="tearDown()[pri:0, instance:testcases.OpenAccountTest@c9d82f9]" started-at="2023-07-15T10:21:31Z" name="tearDown" finished-at="2023-07-15T10:21:31Z" duration-ms="191" status="PASS">
          <reporter-output>
          </reporter-output>
        </test-method> <!-- tearDown -->
      </class> <!-- testcases.OpenAccountTest -->
    </test> <!-- Open Account Test -->
  </suite> <!-- TestNG Framework -->
</testng-results>
