<?xml version="1.0" encoding="UTF-8"?>
<!-- Generated by org.testng.reporters.JUnitXMLReporter -->
<testsuite ignored="0" hostname="Bosun" failures="0" tests="4" name="Add Customer Test" time="10.157" errors="0" timestamp="15 Jul 2023 10:48:38 GMT">
  <testcase classname="testcases.AddCustomerTest" name="addCustomer" time="2.804"/>
  <testcase classname="testcases.AddCustomerTest" name="addCustomer" time="2.487"/>
  <testcase classname="testcases.AddCustomerTest" name="addCustomer" time="2.405"/>
  <testcase classname="testcases.AddCustomerTest" name="addCustomer" time="2.43"/>
</testsuite> <!-- Add Customer Test -->
