<?xml version="1.0" encoding="UTF-8"?>
<!-- Generated by org.testng.reporters.JUnitXMLReporter -->
<testsuite ignored="0" hostname="Bosun" failures="0" tests="3" name="Open Account Test" time="1.867" errors="0" timestamp="15 Jul 2023 10:48:39 GMT">
  <testcase classname="testcases.OpenAccountTest" name="openAccount" time="1.163"/>
  <testcase classname="testcases.OpenAccountTest" name="openAccount" time="0.366"/>
  <testcase classname="testcases.OpenAccountTest" name="openAccount" time="0.335"/>
</testsuite> <!-- Open Account Test -->
